<?xml version="1.0" encoding="UTF-8"?>
<testng-results ignored="0" total="1" passed="1" failed="0" skipped="0">
  <reporter-output>
  </reporter-output>
  <suite started-at="2022-10-11T11:42:40 IST" name="Default suite" finished-at="2022-10-11T11:43:30 IST" duration-ms="49342">
    <groups>
    </groups>
    <test started-at="2022-10-11T11:42:40 IST" name="Default test" finished-at="2022-10-11T11:43:30 IST" duration-ms="49342">
      <class name="com.demo.FlipkartPageLoad">
        <test-method is-config="true" signature="beforeMethod()[pri:0, instance:com.demo.FlipkartPageLoad@37313c65]" started-at="2022-10-11T11:42:40 IST" name="beforeMethod" finished-at="2022-10-11T11:42:44 IST" duration-ms="3745" status="PASS">
          <reporter-output>
          </reporter-output>
        </test-method> <!-- beforeMethod -->
        <test-method signature="pageload()[pri:0, instance:com.demo.FlipkartPageLoad@37313c65]" started-at="2022-10-11T11:42:44 IST" name="pageload" finished-at="2022-10-11T11:43:30 IST" duration-ms="45481" status="PASS">
          <reporter-output>
          </reporter-output>
        </test-method> <!-- pageload -->
        <test-method is-config="true" signature="afterMethod()[pri:0, instance:com.demo.FlipkartPageLoad@37313c65]" started-at="2022-10-11T11:43:30 IST" name="afterMethod" finished-at="2022-10-11T11:43:30 IST" duration-ms="1" status="PASS">
          <reporter-output>
          </reporter-output>
        </test-method> <!-- afterMethod -->
      </class> <!-- com.demo.FlipkartPageLoad -->
    </test> <!-- Default test -->
  </suite> <!-- Default suite -->
</testng-results>
